<?xml version="1.0" encoding="UTF-8"?>
<!-- Generated by org.testng.reporters.JUnitReportReporter -->
<testsuite hostname="ICS-LT-2WW4DN3" failures="0" tests="1" name="testCases.TC001_User_Registration" time="11.031" errors="0" timestamp="2024-11-15T00:37:35 IST" skipped="0">
  <testcase classname="testCases.TC001_User_Registration" name="verify_registration" time="11.031"/>
</testsuite> <!-- testCases.TC001_User_Registration -->
