<?xml version="1.0" encoding="UTF-8"?>
<!-- Generated by org.testng.reporters.JUnitReportReporter -->
<testsuite hostname="ICS-LT-2WW4DN3" failures="0" tests="1" name="testCases.TC002_User_Login" time="24.193" errors="0" timestamp="2024-11-14T23:52:39 IST" skipped="0">
  <testcase classname="testCases.TC002_User_Login" name="user_Login" time="24.193"/>
</testsuite> <!-- testCases.TC002_User_Login -->
