<?xml version="1.0" encoding="UTF-8"?>
<!-- Generated by org.testng.reporters.JUnitReportReporter -->
<testsuite hostname="ICS-LT-2WW4DN3" failures="0" tests="1" name="testCases.TC001_User_Registration" time="6.665" errors="0" timestamp="2024-11-15T01:00:09 IST" skipped="0">
  <testcase classname="testCases.TC001_User_Registration" name="verify_registration" time="6.665"/>
</testsuite> <!-- testCases.TC001_User_Registration -->
