<?xml version="1.0" encoding="UTF-8"?>
<!-- Generated by org.testng.reporters.JUnitReportReporter -->
<testsuite hostname="ICS-LT-2WW4DN3" failures="0" tests="1" name="testCases.TC002_User_Login" time="8.681" errors="0" timestamp="2024-11-15T01:00:09 IST" skipped="0">
  <testcase classname="testCases.TC002_User_Login" name="user_Login" time="8.681"/>
</testsuite> <!-- testCases.TC002_User_Login -->
